<?xml version="1.0" encoding="UTF-8"?>
<!-- Generated by org.testng.reporters.JUnitReportReporter -->
<testsuite hostname="LaptopAsus-Shekhar" failures="0" tests="1" name="testcases.LogInTest" time="37.867" errors="0" timestamp="2021-06-16T12:39:28 IST" skipped="0">
  <testcase classname="testcases.LogInTest" name="veriWithInValidCredentials" time="37.867"/>
  <system-out/>
</testsuite> <!-- testcases.LogInTest -->
