<?xml version="1.0" encoding="UTF-8"?>
<!-- Generated by org.testng.reporters.JUnitReportReporter -->
<testsuite hostname="ShekharAsusLaptop" failures="0" tests="1" name="testcases.LogInTest2" time="165.474" errors="0" timestamp="2021-06-23T08:29:11 IST" skipped="0">
  <testcase classname="testcases.LogInTest2" name="verifyAttendanceFor" time="165.474"/>
  <system-out/>
</testsuite> <!-- testcases.LogInTest2 -->
