<?xml version="1.0" encoding="UTF-8"?>
<!-- Generated by org.testng.reporters.JUnitReportReporter -->
<testsuite hostname="DESKTOP-V768SUF" failures="0" tests="1" name="testcases.LogInTest2" time="10.855" errors="0" timestamp="2021-01-08T10:47:37 IST" skipped="0">
  <testcase classname="testcases.LogInTest2" name="verifyAttendanceWithValidCredentials" time="10.855"/>
  <system-out/>
</testsuite> <!-- testcases.LogInTest2 -->
