<?xml version="1.0" encoding="UTF-8"?>
<!-- Generated by org.testng.reporters.JUnitReportReporter -->
<testsuite hostname="ShekharAsusLaptop" failures="0" tests="1" name="testcases.LogInTest" time="138.240" errors="0" timestamp="2021-06-24T09:38:35 IST" skipped="0">
  <testcase classname="testcases.LogInTest" name="verifyAttendanceForCurrentDateValidUser" time="138.240"/>
  <system-out/>
</testsuite> <!-- testcases.LogInTest -->
