<?xml version="1.0" encoding="UTF-8"?>
<!-- Generated by org.testng.reporters.JUnitReportReporter -->
<testsuite hostname="LaptopAsus-Shekhar" failures="0" tests="1" name="testcases.LogInTest" time="45.768" errors="0" timestamp="2021-06-16T17:58:57 IST" skipped="0">
  <testcase classname="testcases.LogInTest" name="veriWithValidCredentials" time="45.768"/>
  <system-out/>
</testsuite> <!-- testcases.LogInTest -->
